# JRE version: OpenJDK Runtime Environment (15.0.2+7) (build 15.0.2+7-27)
# Java VM: OpenJDK 64-Bit Server VM (15.0.2+7-27, mixed mode, tiered, compressed oops, g1 gc, windows-amd64)
GC Precious Log:
 CPUs: 8 total, 8 available
 Memory: 16227M
 Large Page Support: Disabled
 NUMA Support: Disabled
 Compressed Oops: Enabled (Zero based)
 Heap Region Size: 2M
 Heap Min Capacity: 8M
 Heap Initial Capacity: 254M
 Heap Max Capacity: 4058M
 Pre-touch: Disabled
 Parallel Workers: 8
 Concurrent Workers: 2
 Concurrent Refinement Workers: 8
 Periodic GC: Disabled
Heap:
 garbage-first heap   total 157696K, used 58631K [0x0000000702600000, 0x0000000800000000)
  region size 2048K, 26 young (53248K), 2 survivors (4096K)
 Metaspace       used 34906K, capacity 35337K, committed 35456K, reserved 1081344K
  class space    used 4015K, capacity 4157K, committed 4224K, reserved 1048576K
GC Heap History (14 events):
Event: 0.624 GC heap before
{Heap before GC invocations=0 (full 0):
 garbage-first heap   total 260096K, used 20480K [0x0000000702600000, 0x0000000800000000)
  region size 2048K, 11 young (22528K), 0 survivors (0K)
 Metaspace       used 11790K, capacity 11943K, committed 12160K, reserved 1060864K
  class space    used 1106K, capacity 1125K, committed 1152K, reserved 1048576K
}
Event: 0.630 GC heap after
{Heap after GC invocations=1 (full 0):
 garbage-first heap   total 260096K, used 6557K [0x0000000702600000, 0x0000000800000000)
  region size 2048K, 2 young (4096K), 2 survivors (4096K)
 Metaspace       used 11790K, capacity 11943K, committed 12160K, reserved 1060864K
  class space    used 1106K, capacity 1125K, committed 1152K, reserved 1048576K
}
Event: 0.636 GC heap before
{Heap before GC invocations=1 (full 0):
 garbage-first heap   total 260096K, used 27037K [0x0000000702600000, 0x0000000800000000)
  region size 2048K, 13 young (26624K), 2 survivors (4096K)
 Metaspace       used 11790K, capacity 11943K, committed 12160K, reserved 1060864K
  class space    used 1106K, capacity 1125K, committed 1152K, reserved 1048576K
}
Event: 0.639 GC heap after
{Heap after GC invocations=2 (full 0):
 garbage-first heap   total 260096K, used 6621K [0x0000000702600000, 0x0000000800000000)
  region size 2048K, 1 young (2048K), 1 survivors (2048K)
 Metaspace       used 11790K, capacity 11943K, committed 12160K, reserved 1060864K
  class space    used 1106K, capacity 1125K, committed 1152K, reserved 1048576K
}
Event: 1.118 GC heap before
{Heap before GC invocations=2 (full 0):
 garbage-first heap   total 260096K, used 49629K [0x0000000702600000, 0x0000000800000000)
  region size 2048K, 23 young (47104K), 1 survivors (2048K)
 Metaspace       used 20386K, capacity 20692K, committed 20992K, reserved 1069056K
  class space    used 2142K, capacity 2223K, committed 2304K, reserved 1048576K
}
Event: 1.120 GC heap after
{Heap after GC invocations=3 (full 0):
 garbage-first heap   total 260096K, used 8781K [0x0000000702600000, 0x0000000800000000)
  region size 2048K, 2 young (4096K), 2 survivors (4096K)
 Metaspace       used 20386K, capacity 20692K, committed 20992K, reserved 1069056K
  class space    used 2142K, capacity 2223K, committed 2304K, reserved 1048576K
}
Event: 1.138 GC heap before
{Heap before GC invocations=3 (full 0):
 garbage-first heap   total 260096K, used 10829K [0x0000000702600000, 0x0000000800000000)
  region size 2048K, 4 young (8192K), 2 survivors (4096K)
 Metaspace       used 20939K, capacity 21204K, committed 21248K, reserved 1069056K
  class space    used 2189K, capacity 2287K, committed 2304K, reserved 1048576K
}
Event: 1.140 GC heap after
{Heap after GC invocations=4 (full 0):
 garbage-first heap   total 260096K, used 8922K [0x0000000702600000, 0x0000000800000000)
  region size 2048K, 2 young (4096K), 2 survivors (4096K)
 Metaspace       used 20939K, capacity 21204K, committed 21248K, reserved 1069056K
  class space    used 2189K, capacity 2287K, committed 2304K, reserved 1048576K
}
Event: 1.467 GC heap before
{Heap before GC invocations=5 (full 0):
 garbage-first heap   total 49152K, used 43738K [0x0000000702600000, 0x0000000800000000)
  region size 2048K, 20 young (40960K), 2 survivors (4096K)
 Metaspace       used 24899K, capacity 25115K, committed 25344K, reserved 1071104K
  class space    used 2712K, capacity 2778K, committed 2816K, reserved 1048576K
}
Event: 1.470 GC heap after
{Heap after GC invocations=6 (full 0):
 garbage-first heap   total 53248K, used 10297K [0x0000000702600000, 0x0000000800000000)
  region size 2048K, 2 young (4096K), 2 survivors (4096K)
 Metaspace       used 24899K, capacity 25115K, committed 25344K, reserved 1071104K
  class space    used 2712K, capacity 2778K, committed 2816K, reserved 1048576K
}
Event: 1.530 GC heap before
{Heap before GC invocations=6 (full 0):
 garbage-first heap   total 53248K, used 32825K [0x0000000702600000, 0x0000000800000000)
  region size 2048K, 14 young (28672K), 2 survivors (4096K)
 Metaspace       used 25498K, capacity 25755K, committed 25984K, reserved 1073152K
  class space    used 2772K, capacity 2842K, committed 2944K, reserved 1048576K
}
Event: 1.533 GC heap after
{Heap after GC invocations=7 (full 0):
 garbage-first heap   total 53248K, used 10708K [0x0000000702600000, 0x0000000800000000)
  region size 2048K, 1 young (2048K), 1 survivors (2048K)
 Metaspace       used 25498K, capacity 25755K, committed 25984K, reserved 1073152K
  class space    used 2772K, capacity 2842K, committed 2944K, reserved 1048576K
}
Event: 1.882 GC heap before
{Heap before GC invocations=7 (full 0):
 garbage-first heap   total 53248K, used 35284K [0x0000000702600000, 0x0000000800000000)
  region size 2048K, 13 young (26624K), 1 survivors (2048K)
 Metaspace       used 27388K, capacity 27717K, committed 28032K, reserved 1075200K
  class space    used 3009K, capacity 3126K, committed 3200K, reserved 1048576K
}
Event: 1.885 GC heap after
{Heap after GC invocations=8 (full 0):
 garbage-first heap   total 157696K, used 11527K [0x0000000702600000, 0x0000000800000000)
  region size 2048K, 2 young (4096K), 2 survivors (4096K)
 Metaspace       used 27388K, capacity 27717K, committed 28032K, reserved 1075200K
  class space    used 3009K, capacity 3126K, committed 3200K, reserved 1048576K
}

